<?xml version="1.0" encoding="UTF-8"?>
<testsuite xmlns:xsi="http://www.w3.org/2001/XMLSchema-instance" xsi:noNamespaceSchemaLocation="https://maven.apache.org/surefire/maven-surefire-plugin/xsd/surefire-test-report-3.0.xsd" version="3.0" name="PackageOrganizerTest" time="0.091" tests="24" errors="0" skipped="0" failures="0">
  <properties>
[...]
</properties>
  <testcase name="testMissingProductPrice" classname="PackageOrganizerTest" time="0.005"/>
  <testcase name="testWrongProductNumber" classname="PackageOrganizerTest" time="0.027"/>
  <testcase name="testWrongProductWeight" classname="PackageOrganizerTest" time="0.003"/>
  <testcase name="testWrongProductPrice" classname="PackageOrganizerTest" time="0.004"/>
  <testcase name="testValidInputLine" classname="PackageOrganizerTest" time="0.007"/>
  <testcase name="testWrongMaxWeight" classname="PackageOrganizerTest" time="0.001"/>
  <testcase name="testFindPackage1" classname="PackageOrganizerTest" time="0.002"/>
  <testcase name="testFindPackage1" classname="PackageOrganizerTest" time="0.001"/>
  <testcase name="testFindPackage1" classname="PackageOrganizerTest" time="0"/>
  <testcase name="testFindPackage2" classname="PackageOrganizerTest" time="0"/>
  <testcase name="testFindPackage2" classname="PackageOrganizerTest" time="0"/>
  <testcase name="testFindPackage2" classname="PackageOrganizerTest" time="0"/>
  <testcase name="testFindPackage3" classname="PackageOrganizerTest" time="0"/>
  <testcase name="testFindPackage3" classname="PackageOrganizerTest" time="0"/>
  <testcase name="testFindPackage3" classname="PackageOrganizerTest" time="0"/>
  <testcase name="testFindPackage4" classname="PackageOrganizerTest" time="0"/>
  <testcase name="testFindPackage4" classname="PackageOrganizerTest" time="0"/>
  <testcase name="testFindPackage4" classname="PackageOrganizerTest" time="0.001"/>
  <testcase name="testWrongDelimiters1" classname="PackageOrganizerTest" time="0"/>
  <testcase name="testWrongDelimiters2" classname="PackageOrganizerTest" time="0"/>
  <testcase name="testWrongDelimiters3" classname="PackageOrganizerTest" time="0.001"/>
  <testcase name="testWrongDelimiters4" classname="PackageOrganizerTest" time="0.001"/>
  <testcase name="testWrongDelimiters5" classname="PackageOrganizerTest" time="0"/>
  <testcase name="testWrongDelimiters6" classname="PackageOrganizerTest" time="0"/>
</testsuite>